# JRE version: Java(TM) SE Runtime Environment (21.0.7+8) (build 21.0.7+8-LTS-245)
# Java VM: Java HotSpot(TM) 64-Bit Server VM (21.0.7+8-LTS-245, mixed mode, emulated-client, sharing, tiered, compressed oops, compressed class ptrs, g1 gc, windows-amd64)
GC Precious Log:
 CardTable entry size: 512
 Card Set container configuration: InlinePtr #cards 5 size 8 Array Of Cards #cards 12 size 40 Howl #buckets 4 coarsen threshold 1843 Howl Bitmap #cards 512 size 80 coarsen threshold 460 Card regions per heap region 1 cards per card region 2048
 CPUs: 4 total, 4 available
 Memory: 6030M
 Large Page Support: Disabled
 NUMA Support: Disabled
 Compressed Oops: Enabled (32-bit)
 Heap Region Size: 1M
 Heap Min Capacity: 8M
 Heap Initial Capacity: 96M
 Heap Max Capacity: 1508M
 Pre-touch: Disabled
 Parallel Workers: 4
 Concurrent Workers: 1
 Concurrent Refinement Workers: 4
 Periodic GC: Disabled
Heap:
 garbage-first heap   total 258048K, used 58652K [0x00000000a1c00000, 0x0000000100000000)
  region size 1024K, 19 young (19456K), 8 survivors (8192K)
 Metaspace       used 81588K, committed 82432K, reserved 1179648K
  class space    used 11659K, committed 12032K, reserved 1048576K
GC Heap History (20 events):
Event: 16.790 GC heap after
{Heap after GC invocations=22 (full 0):
 garbage-first heap   total 70656K, used 37090K [0x00000000a1c00000, 0x0000000100000000)
  region size 1024K, 4 young (4096K), 4 survivors (4096K)
 Metaspace       used 65109K, committed 65856K, reserved 1114112K
  class space    used 9130K, committed 9472K, reserved 1048576K
}
Event: 17.162 GC heap before
{Heap before GC invocations=23 (full 0):
 garbage-first heap   total 71680K, used 61666K [0x00000000a1c00000, 0x0000000100000000)
  region size 1024K, 28 young (28672K), 4 survivors (4096K)
 Metaspace       used 65407K, committed 66176K, reserved 1114112K
  class space    used 9148K, committed 9472K, reserved 1048576K
}
Event: 17.168 GC heap after
{Heap after GC invocations=24 (full 0):
 garbage-first heap   total 71680K, used 38283K [0x00000000a1c00000, 0x0000000100000000)
  region size 1024K, 3 young (3072K), 3 survivors (3072K)
 Metaspace       used 65407K, committed 66176K, reserved 1114112K
  class space    used 9148K, committed 9472K, reserved 1048576K
}
Event: 17.844 GC heap before
{Heap before GC invocations=24 (full 0):
 garbage-first heap   total 71680K, used 62859K [0x00000000a1c00000, 0x0000000100000000)
  region size 1024K, 28 young (28672K), 3 survivors (3072K)
 Metaspace       used 67409K, committed 68160K, reserved 1114112K
  class space    used 9584K, committed 9920K, reserved 1048576K
}
Event: 17.856 GC heap after
{Heap after GC invocations=25 (full 0):
 garbage-first heap   total 71680K, used 39293K [0x00000000a1c00000, 0x0000000100000000)
  region size 1024K, 3 young (3072K), 3 survivors (3072K)
 Metaspace       used 67409K, committed 68160K, reserved 1114112K
  class space    used 9584K, committed 9920K, reserved 1048576K
}
Event: 18.284 GC heap before
{Heap before GC invocations=25 (full 0):
 garbage-first heap   total 71680K, used 62845K [0x00000000a1c00000, 0x0000000100000000)
  region size 1024K, 27 young (27648K), 3 survivors (3072K)
 Metaspace       used 69208K, committed 69952K, reserved 1114112K
  class space    used 9962K, committed 10304K, reserved 1048576K
}
Event: 18.291 GC heap after
{Heap after GC invocations=26 (full 0):
 garbage-first heap   total 71680K, used 41096K [0x00000000a1c00000, 0x0000000100000000)
  region size 1024K, 4 young (4096K), 4 survivors (4096K)
 Metaspace       used 69208K, committed 69952K, reserved 1114112K
  class space    used 9962K, committed 10304K, reserved 1048576K
}
Event: 18.460 GC heap before
{Heap before GC invocations=27 (full 0):
 garbage-first heap   total 104448K, used 60552K [0x00000000a1c00000, 0x0000000100000000)
  region size 1024K, 24 young (24576K), 4 survivors (4096K)
 Metaspace       used 69888K, committed 70656K, reserved 1114112K
  class space    used 10035K, committed 10368K, reserved 1048576K
}
Event: 18.468 GC heap after
{Heap after GC invocations=28 (full 0):
 garbage-first heap   total 104448K, used 41267K [0x00000000a1c00000, 0x0000000100000000)
  region size 1024K, 2 young (2048K), 2 survivors (2048K)
 Metaspace       used 69888K, committed 70656K, reserved 1114112K
  class space    used 10035K, committed 10368K, reserved 1048576K
}
Event: 20.483 GC heap before
{Heap before GC invocations=28 (full 0):
 garbage-first heap   total 104448K, used 95539K [0x00000000a1c00000, 0x0000000100000000)
  region size 1024K, 55 young (56320K), 2 survivors (2048K)
 Metaspace       used 71244K, committed 72000K, reserved 1114112K
  class space    used 10174K, committed 10496K, reserved 1048576K
}
Event: 20.491 GC heap after
{Heap after GC invocations=29 (full 0):
 garbage-first heap   total 258048K, used 43136K [0x00000000a1c00000, 0x0000000100000000)
  region size 1024K, 4 young (4096K), 4 survivors (4096K)
 Metaspace       used 71244K, committed 72000K, reserved 1114112K
  class space    used 10174K, committed 10496K, reserved 1048576K
}
Event: 242.811 GC heap before
{Heap before GC invocations=29 (full 0):
 garbage-first heap   total 258048K, used 192640K [0x00000000a1c00000, 0x0000000100000000)
  region size 1024K, 151 young (154624K), 4 survivors (4096K)
 Metaspace       used 80955K, committed 81856K, reserved 1179648K
  class space    used 11565K, committed 11968K, reserved 1048576K
}
Event: 243.030 GC heap after
{Heap after GC invocations=30 (full 0):
 garbage-first heap   total 258048K, used 49215K [0x00000000a1c00000, 0x0000000100000000)
  region size 1024K, 10 young (10240K), 10 survivors (10240K)
 Metaspace       used 80955K, committed 81856K, reserved 1179648K
  class space    used 11565K, committed 11968K, reserved 1048576K
}
Event: 719.915 GC heap before
{Heap before GC invocations=30 (full 0):
 garbage-first heap   total 258048K, used 185407K [0x00000000a1c00000, 0x0000000100000000)
  region size 1024K, 143 young (146432K), 10 survivors (10240K)
 Metaspace       used 81143K, committed 81984K, reserved 1179648K
  class space    used 11596K, committed 11968K, reserved 1048576K
}
Event: 720.012 GC heap after
{Heap after GC invocations=31 (full 0):
 garbage-first heap   total 258048K, used 47918K [0x00000000a1c00000, 0x0000000100000000)
  region size 1024K, 8 young (8192K), 8 survivors (8192K)
 Metaspace       used 81143K, committed 81984K, reserved 1179648K
  class space    used 11596K, committed 11968K, reserved 1048576K
}
Event: 1234.538 GC heap before
{Heap before GC invocations=31 (full 0):
 garbage-first heap   total 258048K, used 194350K [0x00000000a1c00000, 0x0000000100000000)
  region size 1024K, 151 young (154624K), 8 survivors (8192K)
 Metaspace       used 81504K, committed 82240K, reserved 1179648K
  class space    used 11640K, committed 11968K, reserved 1048576K
}
Event: 1234.669 GC heap after
{Heap after GC invocations=32 (full 0):
 garbage-first heap   total 258048K, used 48554K [0x00000000a1c00000, 0x0000000100000000)
  region size 1024K, 8 young (8192K), 8 survivors (8192K)
 Metaspace       used 81504K, committed 82240K, reserved 1179648K
  class space    used 11640K, committed 11968K, reserved 1048576K
}
Event: 1765.604 GC heap before
{Heap before GC invocations=32 (full 0):
 garbage-first heap   total 258048K, used 194986K [0x00000000a1c00000, 0x0000000100000000)
  region size 1024K, 151 young (154624K), 8 survivors (8192K)
 Metaspace       used 81504K, committed 82240K, reserved 1179648K
  class space    used 11640K, committed 11968K, reserved 1048576K
}
Event: 1765.731 GC heap after
{Heap after GC invocations=33 (full 0):
 garbage-first heap   total 258048K, used 48412K [0x00000000a1c00000, 0x0000000100000000)
  region size 1024K, 8 young (8192K), 8 survivors (8192K)
 Metaspace       used 81504K, committed 82240K, reserved 1179648K
  class space    used 11640K, committed 11968K, reserved 1048576K
}
Event: 1799.712 GC heap before
{Heap before GC invocations=33 (full 0):
 garbage-first heap   total 258048K, used 58652K [0x00000000a1c00000, 0x0000000100000000)
  region size 1024K, 19 young (19456K), 8 survivors (8192K)
 Metaspace       used 81588K, committed 82432K, reserved 1179648K
  class space    used 11659K, committed 12032K, reserved 1048576K
}

